ERROR - 2025-03-25 06:21:37 --> mysqli_sql_exception: Invalid default value for 'created_at' in D:\PROJECT\SistemManajemenEventDanBookingTiket\backend\system\Database\MySQLi\Connection.php:327
Stack trace:
#0 D:\PROJECT\SistemManajemenEventDanBookingTiket\backend\system\Database\MySQLi\Connection.php(327): mysqli->query()
#1 D:\PROJECT\SistemManajemenEventDanBookingTiket\backend\system\Database\BaseConnection.php(738): CodeIgniter\Database\MySQLi\Connection->execute()
#2 D:\PROJECT\SistemManajemenEventDanBookingTiket\backend\system\Database\BaseConnection.php(652): CodeIgniter\Database\BaseConnection->simpleQuery()
#3 D:\PROJECT\SistemManajemenEventDanBookingTiket\backend\system\Database\Forge.php(570): CodeIgniter\Database\BaseConnection->query()
#4 D:\PROJECT\SistemManajemenEventDanBookingTiket\backend\app\Database\Migrations\2025-03-24-085010_UsersTable.php(20): CodeIgniter\Database\Forge->createTable()
#5 D:\PROJECT\SistemManajemenEventDanBookingTiket\backend\system\Database\MigrationRunner.php(866): App\Database\Migrations\UsersTable->up()
#6 D:\PROJECT\SistemManajemenEventDanBookingTiket\backend\system\Database\MigrationRunner.php(182): CodeIgniter\Database\MigrationRunner->migrate()
#7 D:\PROJECT\SistemManajemenEventDanBookingTiket\backend\system\Commands\Database\Migrate.php(85): CodeIgniter\Database\MigrationRunner->latest()
#8 D:\PROJECT\SistemManajemenEventDanBookingTiket\backend\system\CLI\Commands.php(70): CodeIgniter\Commands\Database\Migrate->run()
#9 D:\PROJECT\SistemManajemenEventDanBookingTiket\backend\system\CLI\Console.php(48): CodeIgniter\CLI\Commands->run()
#10 D:\PROJECT\SistemManajemenEventDanBookingTiket\backend\system\Boot.php(360): CodeIgniter\CLI\Console->run()
#11 D:\PROJECT\SistemManajemenEventDanBookingTiket\backend\system\Boot.php(104): CodeIgniter\Boot::runCommand()
#12 D:\PROJECT\SistemManajemenEventDanBookingTiket\backend\spark(84): CodeIgniter\Boot::bootSpark()
#13 {main}
ERROR - 2025-03-25 06:24:43 --> mysqli_sql_exception: Invalid default value for 'created_at' in D:\PROJECT\SistemManajemenEventDanBookingTiket\backend\system\Database\MySQLi\Connection.php:327
Stack trace:
#0 D:\PROJECT\SistemManajemenEventDanBookingTiket\backend\system\Database\MySQLi\Connection.php(327): mysqli->query()
#1 D:\PROJECT\SistemManajemenEventDanBookingTiket\backend\system\Database\BaseConnection.php(738): CodeIgniter\Database\MySQLi\Connection->execute()
#2 D:\PROJECT\SistemManajemenEventDanBookingTiket\backend\system\Database\BaseConnection.php(652): CodeIgniter\Database\BaseConnection->simpleQuery()
#3 D:\PROJECT\SistemManajemenEventDanBookingTiket\backend\system\Database\Forge.php(570): CodeIgniter\Database\BaseConnection->query()
#4 D:\PROJECT\SistemManajemenEventDanBookingTiket\backend\app\Database\Migrations\2025-03-24-085010_UsersTable.php(20): CodeIgniter\Database\Forge->createTable()
#5 D:\PROJECT\SistemManajemenEventDanBookingTiket\backend\system\Database\MigrationRunner.php(866): App\Database\Migrations\UsersTable->up()
#6 D:\PROJECT\SistemManajemenEventDanBookingTiket\backend\system\Database\MigrationRunner.php(182): CodeIgniter\Database\MigrationRunner->migrate()
#7 D:\PROJECT\SistemManajemenEventDanBookingTiket\backend\system\Commands\Database\Migrate.php(85): CodeIgniter\Database\MigrationRunner->latest()
#8 D:\PROJECT\SistemManajemenEventDanBookingTiket\backend\system\CLI\Commands.php(70): CodeIgniter\Commands\Database\Migrate->run()
#9 D:\PROJECT\SistemManajemenEventDanBookingTiket\backend\system\CLI\Console.php(48): CodeIgniter\CLI\Commands->run()
#10 D:\PROJECT\SistemManajemenEventDanBookingTiket\backend\system\Boot.php(360): CodeIgniter\CLI\Console->run()
#11 D:\PROJECT\SistemManajemenEventDanBookingTiket\backend\system\Boot.php(104): CodeIgniter\Boot::runCommand()
#12 D:\PROJECT\SistemManajemenEventDanBookingTiket\backend\spark(84): CodeIgniter\Boot::bootSpark()
#13 {main}
ERROR - 2025-03-25 06:30:56 --> mysqli_sql_exception: Cannot add or update a child row: a foreign key constraint fails (`siebot_db`.`payments`, CONSTRAINT `payments_user_id_foreign` FOREIGN KEY (`user_id`) REFERENCES `users` (`id`) ON DELETE CASCADE ON UPDATE CASCADE) in D:\PROJECT\SistemManajemenEventDanBookingTiket\backend\system\Database\MySQLi\Connection.php:327
Stack trace:
#0 D:\PROJECT\SistemManajemenEventDanBookingTiket\backend\system\Database\MySQLi\Connection.php(327): mysqli->query()
#1 D:\PROJECT\SistemManajemenEventDanBookingTiket\backend\system\Database\BaseConnection.php(738): CodeIgniter\Database\MySQLi\Connection->execute()
#2 D:\PROJECT\SistemManajemenEventDanBookingTiket\backend\system\Database\BaseConnection.php(652): CodeIgniter\Database\BaseConnection->simpleQuery()
#3 D:\PROJECT\SistemManajemenEventDanBookingTiket\backend\system\Database\BaseBuilder.php(1841): CodeIgniter\Database\BaseConnection->query()
#4 D:\PROJECT\SistemManajemenEventDanBookingTiket\backend\system\Database\BaseBuilder.php(2230): CodeIgniter\Database\BaseBuilder->batchExecute()
#5 D:\PROJECT\SistemManajemenEventDanBookingTiket\backend\app\Database\Seeds\DummySeeder.php(73): CodeIgniter\Database\BaseBuilder->insertBatch()
#6 D:\PROJECT\SistemManajemenEventDanBookingTiket\backend\system\Database\Seeder.php(147): App\Database\Seeds\DummySeeder->run()
#7 D:\PROJECT\SistemManajemenEventDanBookingTiket\backend\system\Commands\Database\Seed.php(79): CodeIgniter\Database\Seeder->call()
#8 D:\PROJECT\SistemManajemenEventDanBookingTiket\backend\system\CLI\Commands.php(70): CodeIgniter\Commands\Database\Seed->run()
#9 D:\PROJECT\SistemManajemenEventDanBookingTiket\backend\system\CLI\Console.php(48): CodeIgniter\CLI\Commands->run()
#10 D:\PROJECT\SistemManajemenEventDanBookingTiket\backend\system\Boot.php(360): CodeIgniter\CLI\Console->run()
#11 D:\PROJECT\SistemManajemenEventDanBookingTiket\backend\system\Boot.php(104): CodeIgniter\Boot::runCommand()
#12 D:\PROJECT\SistemManajemenEventDanBookingTiket\backend\spark(84): CodeIgniter\Boot::bootSpark()
#13 {main}
