ERROR - 2025-03-27 18:22:16 --> Error connecting to the database: mysqli_sql_exception: No connection could be made because the target machine actively refused it in D:\PROJECT\SistemManajemenEventDanBookingTiket\backend\system\Database\MySQLi\Connection.php:201
Stack trace:
#0 D:\PROJECT\SistemManajemenEventDanBookingTiket\backend\system\Database\MySQLi\Connection.php(201): mysqli->real_connect()
#1 D:\PROJECT\SistemManajemenEventDanBookingTiket\backend\system\Database\BaseConnection.php(421): CodeIgniter\Database\MySQLi\Connection->connect()
#2 D:\PROJECT\SistemManajemenEventDanBookingTiket\backend\system\Database\BaseConnection.php(620): CodeIgniter\Database\BaseConnection->initialize()
#3 D:\PROJECT\SistemManajemenEventDanBookingTiket\backend\system\Database\BaseBuilder.php(1649): CodeIgniter\Database\BaseConnection->query()
#4 D:\PROJECT\SistemManajemenEventDanBookingTiket\backend\system\Model.php(286): CodeIgniter\Database\BaseBuilder->get()
#5 D:\PROJECT\SistemManajemenEventDanBookingTiket\backend\system\BaseModel.php(675): CodeIgniter\Model->doFindAll()
#6 D:\PROJECT\SistemManajemenEventDanBookingTiket\backend\app\Controllers\EventController.php(16): CodeIgniter\BaseModel->findAll()
#7 D:\PROJECT\SistemManajemenEventDanBookingTiket\backend\system\CodeIgniter.php(933): App\Controllers\EventController->index()
#8 D:\PROJECT\SistemManajemenEventDanBookingTiket\backend\system\CodeIgniter.php(507): CodeIgniter\CodeIgniter->runController()
#9 D:\PROJECT\SistemManajemenEventDanBookingTiket\backend\system\CodeIgniter.php(354): CodeIgniter\CodeIgniter->handleRequest()
#10 D:\PROJECT\SistemManajemenEventDanBookingTiket\backend\system\Boot.php(334): CodeIgniter\CodeIgniter->run()
#11 D:\PROJECT\SistemManajemenEventDanBookingTiket\backend\system\Boot.php(67): CodeIgniter\Boot::runCodeIgniter()
#12 D:\PROJECT\SistemManajemenEventDanBookingTiket\backend\public\index.php(56): CodeIgniter\Boot::bootWeb()
#13 D:\PROJECT\SistemManajemenEventDanBookingTiket\backend\system\rewrite.php(44): require_once('...')
#14 {main}

Next CodeIgniter\Database\Exceptions\DatabaseException: No connection could be made because the target machine actively refused it in D:\PROJECT\SistemManajemenEventDanBookingTiket\backend\system\Database\MySQLi\Connection.php:246
Stack trace:
#0 D:\PROJECT\SistemManajemenEventDanBookingTiket\backend\system\Database\BaseConnection.php(421): CodeIgniter\Database\MySQLi\Connection->connect()
#1 D:\PROJECT\SistemManajemenEventDanBookingTiket\backend\system\Database\BaseConnection.php(620): CodeIgniter\Database\BaseConnection->initialize()
#2 D:\PROJECT\SistemManajemenEventDanBookingTiket\backend\system\Database\BaseBuilder.php(1649): CodeIgniter\Database\BaseConnection->query()
#3 D:\PROJECT\SistemManajemenEventDanBookingTiket\backend\system\Model.php(286): CodeIgniter\Database\BaseBuilder->get()
#4 D:\PROJECT\SistemManajemenEventDanBookingTiket\backend\system\BaseModel.php(675): CodeIgniter\Model->doFindAll()
#5 D:\PROJECT\SistemManajemenEventDanBookingTiket\backend\app\Controllers\EventController.php(16): CodeIgniter\BaseModel->findAll()
#6 D:\PROJECT\SistemManajemenEventDanBookingTiket\backend\system\CodeIgniter.php(933): App\Controllers\EventController->index()
#7 D:\PROJECT\SistemManajemenEventDanBookingTiket\backend\system\CodeIgniter.php(507): CodeIgniter\CodeIgniter->runController()
#8 D:\PROJECT\SistemManajemenEventDanBookingTiket\backend\system\CodeIgniter.php(354): CodeIgniter\CodeIgniter->handleRequest()
#9 D:\PROJECT\SistemManajemenEventDanBookingTiket\backend\system\Boot.php(334): CodeIgniter\CodeIgniter->run()
#10 D:\PROJECT\SistemManajemenEventDanBookingTiket\backend\system\Boot.php(67): CodeIgniter\Boot::runCodeIgniter()
#11 D:\PROJECT\SistemManajemenEventDanBookingTiket\backend\public\index.php(56): CodeIgniter\Boot::bootWeb()
#12 D:\PROJECT\SistemManajemenEventDanBookingTiket\backend\system\rewrite.php(44): require_once('...')
#13 {main}
CRITICAL - 2025-03-27 18:22:16 --> CodeIgniter\Database\Exceptions\DatabaseException: Unable to connect to the database.
Main connection [MySQLi]: No connection could be made because the target machine actively refused it
[Method: GET, Route: api/events]
in SYSTEMPATH\Database\BaseConnection.php on line 467.
 1 SYSTEMPATH\Database\BaseConnection.php(620): CodeIgniter\Database\BaseConnection->initialize()
 2 SYSTEMPATH\Database\BaseBuilder.php(1649): CodeIgniter\Database\BaseConnection->query()
 3 SYSTEMPATH\Model.php(286): CodeIgniter\Database\BaseBuilder->get()
 4 SYSTEMPATH\BaseModel.php(675): CodeIgniter\Model->doFindAll()
 5 APPPATH\Controllers\EventController.php(16): CodeIgniter\BaseModel->findAll()
 6 SYSTEMPATH\CodeIgniter.php(933): App\Controllers\EventController->index()
 7 SYSTEMPATH\CodeIgniter.php(507): CodeIgniter\CodeIgniter->runController()
 8 SYSTEMPATH\CodeIgniter.php(354): CodeIgniter\CodeIgniter->handleRequest()
 9 SYSTEMPATH\Boot.php(334): CodeIgniter\CodeIgniter->run()
10 SYSTEMPATH\Boot.php(67): CodeIgniter\Boot::runCodeIgniter()
11 FCPATH\index.php(56): CodeIgniter\Boot::bootWeb()
12 SYSTEMPATH\rewrite.php(44): require_once('D:\\PROJECT\\SistemManajemenEventDanBookingTiket\\backend\\public\\index.php')
ERROR - 2025-03-27 18:22:24 --> Error connecting to the database: mysqli_sql_exception: No connection could be made because the target machine actively refused it in D:\PROJECT\SistemManajemenEventDanBookingTiket\backend\system\Database\MySQLi\Connection.php:201
Stack trace:
#0 D:\PROJECT\SistemManajemenEventDanBookingTiket\backend\system\Database\MySQLi\Connection.php(201): mysqli->real_connect()
#1 D:\PROJECT\SistemManajemenEventDanBookingTiket\backend\system\Database\BaseConnection.php(421): CodeIgniter\Database\MySQLi\Connection->connect()
#2 D:\PROJECT\SistemManajemenEventDanBookingTiket\backend\system\Database\BaseConnection.php(620): CodeIgniter\Database\BaseConnection->initialize()
#3 D:\PROJECT\SistemManajemenEventDanBookingTiket\backend\system\Database\BaseBuilder.php(1649): CodeIgniter\Database\BaseConnection->query()
#4 D:\PROJECT\SistemManajemenEventDanBookingTiket\backend\system\Model.php(286): CodeIgniter\Database\BaseBuilder->get()
#5 D:\PROJECT\SistemManajemenEventDanBookingTiket\backend\system\BaseModel.php(675): CodeIgniter\Model->doFindAll()
#6 D:\PROJECT\SistemManajemenEventDanBookingTiket\backend\app\Controllers\EventController.php(16): CodeIgniter\BaseModel->findAll()
#7 D:\PROJECT\SistemManajemenEventDanBookingTiket\backend\system\CodeIgniter.php(933): App\Controllers\EventController->index()
#8 D:\PROJECT\SistemManajemenEventDanBookingTiket\backend\system\CodeIgniter.php(507): CodeIgniter\CodeIgniter->runController()
#9 D:\PROJECT\SistemManajemenEventDanBookingTiket\backend\system\CodeIgniter.php(354): CodeIgniter\CodeIgniter->handleRequest()
#10 D:\PROJECT\SistemManajemenEventDanBookingTiket\backend\system\Boot.php(334): CodeIgniter\CodeIgniter->run()
#11 D:\PROJECT\SistemManajemenEventDanBookingTiket\backend\system\Boot.php(67): CodeIgniter\Boot::runCodeIgniter()
#12 D:\PROJECT\SistemManajemenEventDanBookingTiket\backend\public\index.php(56): CodeIgniter\Boot::bootWeb()
#13 D:\PROJECT\SistemManajemenEventDanBookingTiket\backend\system\rewrite.php(44): require_once('...')
#14 {main}

Next CodeIgniter\Database\Exceptions\DatabaseException: No connection could be made because the target machine actively refused it in D:\PROJECT\SistemManajemenEventDanBookingTiket\backend\system\Database\MySQLi\Connection.php:246
Stack trace:
#0 D:\PROJECT\SistemManajemenEventDanBookingTiket\backend\system\Database\BaseConnection.php(421): CodeIgniter\Database\MySQLi\Connection->connect()
#1 D:\PROJECT\SistemManajemenEventDanBookingTiket\backend\system\Database\BaseConnection.php(620): CodeIgniter\Database\BaseConnection->initialize()
#2 D:\PROJECT\SistemManajemenEventDanBookingTiket\backend\system\Database\BaseBuilder.php(1649): CodeIgniter\Database\BaseConnection->query()
#3 D:\PROJECT\SistemManajemenEventDanBookingTiket\backend\system\Model.php(286): CodeIgniter\Database\BaseBuilder->get()
#4 D:\PROJECT\SistemManajemenEventDanBookingTiket\backend\system\BaseModel.php(675): CodeIgniter\Model->doFindAll()
#5 D:\PROJECT\SistemManajemenEventDanBookingTiket\backend\app\Controllers\EventController.php(16): CodeIgniter\BaseModel->findAll()
#6 D:\PROJECT\SistemManajemenEventDanBookingTiket\backend\system\CodeIgniter.php(933): App\Controllers\EventController->index()
#7 D:\PROJECT\SistemManajemenEventDanBookingTiket\backend\system\CodeIgniter.php(507): CodeIgniter\CodeIgniter->runController()
#8 D:\PROJECT\SistemManajemenEventDanBookingTiket\backend\system\CodeIgniter.php(354): CodeIgniter\CodeIgniter->handleRequest()
#9 D:\PROJECT\SistemManajemenEventDanBookingTiket\backend\system\Boot.php(334): CodeIgniter\CodeIgniter->run()
#10 D:\PROJECT\SistemManajemenEventDanBookingTiket\backend\system\Boot.php(67): CodeIgniter\Boot::runCodeIgniter()
#11 D:\PROJECT\SistemManajemenEventDanBookingTiket\backend\public\index.php(56): CodeIgniter\Boot::bootWeb()
#12 D:\PROJECT\SistemManajemenEventDanBookingTiket\backend\system\rewrite.php(44): require_once('...')
#13 {main}
CRITICAL - 2025-03-27 18:22:24 --> CodeIgniter\Database\Exceptions\DatabaseException: Unable to connect to the database.
Main connection [MySQLi]: No connection could be made because the target machine actively refused it
[Method: GET, Route: api/events]
in SYSTEMPATH\Database\BaseConnection.php on line 467.
 1 SYSTEMPATH\Database\BaseConnection.php(620): CodeIgniter\Database\BaseConnection->initialize()
 2 SYSTEMPATH\Database\BaseBuilder.php(1649): CodeIgniter\Database\BaseConnection->query()
 3 SYSTEMPATH\Model.php(286): CodeIgniter\Database\BaseBuilder->get()
 4 SYSTEMPATH\BaseModel.php(675): CodeIgniter\Model->doFindAll()
 5 APPPATH\Controllers\EventController.php(16): CodeIgniter\BaseModel->findAll()
 6 SYSTEMPATH\CodeIgniter.php(933): App\Controllers\EventController->index()
 7 SYSTEMPATH\CodeIgniter.php(507): CodeIgniter\CodeIgniter->runController()
 8 SYSTEMPATH\CodeIgniter.php(354): CodeIgniter\CodeIgniter->handleRequest()
 9 SYSTEMPATH\Boot.php(334): CodeIgniter\CodeIgniter->run()
10 SYSTEMPATH\Boot.php(67): CodeIgniter\Boot::runCodeIgniter()
11 FCPATH\index.php(56): CodeIgniter\Boot::bootWeb()
12 SYSTEMPATH\rewrite.php(44): require_once('D:\\PROJECT\\SistemManajemenEventDanBookingTiket\\backend\\public\\index.php')
CRITICAL - 2025-03-27 18:46:18 --> Error: Call to a member function findAll() on null
[Method: GET, Route: bookings]
in APPPATH\Controllers\BookingController.php on line 21.
 1 SYSTEMPATH\CodeIgniter.php(933): App\Controllers\BookingController->index()
 2 SYSTEMPATH\CodeIgniter.php(507): CodeIgniter\CodeIgniter->runController()
 3 SYSTEMPATH\CodeIgniter.php(354): CodeIgniter\CodeIgniter->handleRequest()
 4 SYSTEMPATH\Boot.php(334): CodeIgniter\CodeIgniter->run()
 5 SYSTEMPATH\Boot.php(67): CodeIgniter\Boot::runCodeIgniter()
 6 FCPATH\index.php(56): CodeIgniter\Boot::bootWeb()
 7 SYSTEMPATH\rewrite.php(44): require_once('D:\\PROJECT\\SistemManajemenEventDanBookingTiket\\backend\\public\\index.php')
CRITICAL - 2025-03-27 18:57:27 --> CodeIgniter\Database\Exceptions\DataException: There is no data to insert.
[Method: POST, Route: payments]
in SYSTEMPATH\BaseModel.php on line 1830.
 1 SYSTEMPATH\BaseModel.php(1830): CodeIgniter\Database\Exceptions\DataException::forEmptyDataset()
 2 SYSTEMPATH\BaseModel.php(805): CodeIgniter\BaseModel->transformDataToArray()
 3 SYSTEMPATH\Model.php(800): CodeIgniter\BaseModel->insert()
 4 APPPATH\Controllers\PaymentController.php(54): CodeIgniter\Model->insert()
 5 SYSTEMPATH\CodeIgniter.php(933): App\Controllers\PaymentController->create()
 6 SYSTEMPATH\CodeIgniter.php(507): CodeIgniter\CodeIgniter->runController()
 7 SYSTEMPATH\CodeIgniter.php(354): CodeIgniter\CodeIgniter->handleRequest()
 8 SYSTEMPATH\Boot.php(334): CodeIgniter\CodeIgniter->run()
 9 SYSTEMPATH\Boot.php(67): CodeIgniter\Boot::runCodeIgniter()
10 FCPATH\index.php(56): CodeIgniter\Boot::bootWeb()
11 SYSTEMPATH\rewrite.php(44): require_once('D:\\PROJECT\\SistemManajemenEventDanBookingTiket\\backend\\public\\index.php')
CRITICAL - 2025-03-27 18:58:29 --> CodeIgniter\Database\Exceptions\DataException: There is no data to insert.
[Method: POST, Route: payments]
in SYSTEMPATH\BaseModel.php on line 1830.
 1 SYSTEMPATH\BaseModel.php(1830): CodeIgniter\Database\Exceptions\DataException::forEmptyDataset()
 2 SYSTEMPATH\BaseModel.php(805): CodeIgniter\BaseModel->transformDataToArray()
 3 SYSTEMPATH\Model.php(800): CodeIgniter\BaseModel->insert()
 4 APPPATH\Controllers\PaymentController.php(54): CodeIgniter\Model->insert()
 5 SYSTEMPATH\CodeIgniter.php(933): App\Controllers\PaymentController->create()
 6 SYSTEMPATH\CodeIgniter.php(507): CodeIgniter\CodeIgniter->runController()
 7 SYSTEMPATH\CodeIgniter.php(354): CodeIgniter\CodeIgniter->handleRequest()
 8 SYSTEMPATH\Boot.php(334): CodeIgniter\CodeIgniter->run()
 9 SYSTEMPATH\Boot.php(67): CodeIgniter\Boot::runCodeIgniter()
10 FCPATH\index.php(56): CodeIgniter\Boot::bootWeb()
11 SYSTEMPATH\rewrite.php(44): require_once('D:\\PROJECT\\SistemManajemenEventDanBookingTiket\\backend\\public\\index.php')
CRITICAL - 2025-03-27 19:01:40 --> CodeIgniter\Database\Exceptions\DataException: There is no data to insert.
[Method: POST, Route: payments]
in SYSTEMPATH\BaseModel.php on line 1830.
 1 SYSTEMPATH\BaseModel.php(1830): CodeIgniter\Database\Exceptions\DataException::forEmptyDataset()
 2 SYSTEMPATH\BaseModel.php(805): CodeIgniter\BaseModel->transformDataToArray()
 3 SYSTEMPATH\Model.php(800): CodeIgniter\BaseModel->insert()
 4 APPPATH\Controllers\PaymentController.php(54): CodeIgniter\Model->insert()
 5 SYSTEMPATH\CodeIgniter.php(933): App\Controllers\PaymentController->create()
 6 SYSTEMPATH\CodeIgniter.php(507): CodeIgniter\CodeIgniter->runController()
 7 SYSTEMPATH\CodeIgniter.php(354): CodeIgniter\CodeIgniter->handleRequest()
 8 SYSTEMPATH\Boot.php(334): CodeIgniter\CodeIgniter->run()
 9 SYSTEMPATH\Boot.php(67): CodeIgniter\Boot::runCodeIgniter()
10 FCPATH\index.php(56): CodeIgniter\Boot::bootWeb()
11 SYSTEMPATH\rewrite.php(44): require_once('D:\\PROJECT\\SistemManajemenEventDanBookingTiket\\backend\\public\\index.php')
CRITICAL - 2025-03-27 19:02:45 --> CodeIgniter\Database\Exceptions\DataException: Allowed fields must be specified for model: "App\Models\PaymentModel"
[Method: POST, Route: payments]
in SYSTEMPATH\Model.php on line 822.
 1 SYSTEMPATH\Model.php(822): CodeIgniter\Database\Exceptions\DataException::forInvalidAllowedFields()
 2 SYSTEMPATH\BaseModel.php(820): CodeIgniter\Model->doProtectFieldsForInsert()
 3 SYSTEMPATH\Model.php(800): CodeIgniter\BaseModel->insert()
 4 APPPATH\Controllers\PaymentController.php(54): CodeIgniter\Model->insert()
 5 SYSTEMPATH\CodeIgniter.php(933): App\Controllers\PaymentController->create()
 6 SYSTEMPATH\CodeIgniter.php(507): CodeIgniter\CodeIgniter->runController()
 7 SYSTEMPATH\CodeIgniter.php(354): CodeIgniter\CodeIgniter->handleRequest()
 8 SYSTEMPATH\Boot.php(334): CodeIgniter\CodeIgniter->run()
 9 SYSTEMPATH\Boot.php(67): CodeIgniter\Boot::runCodeIgniter()
10 FCPATH\index.php(56): CodeIgniter\Boot::bootWeb()
11 SYSTEMPATH\rewrite.php(44): require_once('D:\\PROJECT\\SistemManajemenEventDanBookingTiket\\backend\\public\\index.php')
CRITICAL - 2025-03-27 19:03:20 --> CodeIgniter\Database\Exceptions\DataException: Allowed fields must be specified for model: "App\Models\PaymentModel"
[Method: POST, Route: payments]
in SYSTEMPATH\Model.php on line 822.
 1 SYSTEMPATH\Model.php(822): CodeIgniter\Database\Exceptions\DataException::forInvalidAllowedFields()
 2 SYSTEMPATH\BaseModel.php(820): CodeIgniter\Model->doProtectFieldsForInsert()
 3 SYSTEMPATH\Model.php(800): CodeIgniter\BaseModel->insert()
 4 APPPATH\Controllers\PaymentController.php(54): CodeIgniter\Model->insert()
 5 SYSTEMPATH\CodeIgniter.php(933): App\Controllers\PaymentController->create()
 6 SYSTEMPATH\CodeIgniter.php(507): CodeIgniter\CodeIgniter->runController()
 7 SYSTEMPATH\CodeIgniter.php(354): CodeIgniter\CodeIgniter->handleRequest()
 8 SYSTEMPATH\Boot.php(334): CodeIgniter\CodeIgniter->run()
 9 SYSTEMPATH\Boot.php(67): CodeIgniter\Boot::runCodeIgniter()
10 FCPATH\index.php(56): CodeIgniter\Boot::bootWeb()
11 SYSTEMPATH\rewrite.php(44): require_once('D:\\PROJECT\\SistemManajemenEventDanBookingTiket\\backend\\public\\index.php')
CRITICAL - 2025-03-27 19:03:22 --> CodeIgniter\Database\Exceptions\DataException: Allowed fields must be specified for model: "App\Models\PaymentModel"
[Method: POST, Route: payments]
in SYSTEMPATH\Model.php on line 822.
 1 SYSTEMPATH\Model.php(822): CodeIgniter\Database\Exceptions\DataException::forInvalidAllowedFields()
 2 SYSTEMPATH\BaseModel.php(820): CodeIgniter\Model->doProtectFieldsForInsert()
 3 SYSTEMPATH\Model.php(800): CodeIgniter\BaseModel->insert()
 4 APPPATH\Controllers\PaymentController.php(54): CodeIgniter\Model->insert()
 5 SYSTEMPATH\CodeIgniter.php(933): App\Controllers\PaymentController->create()
 6 SYSTEMPATH\CodeIgniter.php(507): CodeIgniter\CodeIgniter->runController()
 7 SYSTEMPATH\CodeIgniter.php(354): CodeIgniter\CodeIgniter->handleRequest()
 8 SYSTEMPATH\Boot.php(334): CodeIgniter\CodeIgniter->run()
 9 SYSTEMPATH\Boot.php(67): CodeIgniter\Boot::runCodeIgniter()
10 FCPATH\index.php(56): CodeIgniter\Boot::bootWeb()
11 SYSTEMPATH\rewrite.php(44): require_once('D:\\PROJECT\\SistemManajemenEventDanBookingTiket\\backend\\public\\index.php')
CRITICAL - 2025-03-27 19:04:37 --> CodeIgniter\Database\Exceptions\DataException: Allowed fields must be specified for model: "App\Models\PaymentModel"
[Method: POST, Route: payments]
in SYSTEMPATH\Model.php on line 822.
 1 SYSTEMPATH\Model.php(822): CodeIgniter\Database\Exceptions\DataException::forInvalidAllowedFields()
 2 SYSTEMPATH\BaseModel.php(820): CodeIgniter\Model->doProtectFieldsForInsert()
 3 SYSTEMPATH\Model.php(800): CodeIgniter\BaseModel->insert()
 4 APPPATH\Controllers\PaymentController.php(54): CodeIgniter\Model->insert()
 5 SYSTEMPATH\CodeIgniter.php(933): App\Controllers\PaymentController->create()
 6 SYSTEMPATH\CodeIgniter.php(507): CodeIgniter\CodeIgniter->runController()
 7 SYSTEMPATH\CodeIgniter.php(354): CodeIgniter\CodeIgniter->handleRequest()
 8 SYSTEMPATH\Boot.php(334): CodeIgniter\CodeIgniter->run()
 9 SYSTEMPATH\Boot.php(67): CodeIgniter\Boot::runCodeIgniter()
10 FCPATH\index.php(56): CodeIgniter\Boot::bootWeb()
11 SYSTEMPATH\rewrite.php(44): require_once('D:\\PROJECT\\SistemManajemenEventDanBookingTiket\\backend\\public\\index.php')
CRITICAL - 2025-03-27 19:06:54 --> CodeIgniter\Database\Exceptions\DataException: Allowed fields must be specified for model: "App\Models\PaymentModel"
[Method: POST, Route: payments]
in SYSTEMPATH\Model.php on line 822.
 1 SYSTEMPATH\Model.php(822): CodeIgniter\Database\Exceptions\DataException::forInvalidAllowedFields()
 2 SYSTEMPATH\BaseModel.php(820): CodeIgniter\Model->doProtectFieldsForInsert()
 3 SYSTEMPATH\Model.php(800): CodeIgniter\BaseModel->insert()
 4 APPPATH\Controllers\PaymentController.php(54): CodeIgniter\Model->insert()
 5 SYSTEMPATH\CodeIgniter.php(933): App\Controllers\PaymentController->create()
 6 SYSTEMPATH\CodeIgniter.php(507): CodeIgniter\CodeIgniter->runController()
 7 SYSTEMPATH\CodeIgniter.php(354): CodeIgniter\CodeIgniter->handleRequest()
 8 SYSTEMPATH\Boot.php(334): CodeIgniter\CodeIgniter->run()
 9 SYSTEMPATH\Boot.php(67): CodeIgniter\Boot::runCodeIgniter()
10 FCPATH\index.php(56): CodeIgniter\Boot::bootWeb()
11 SYSTEMPATH\rewrite.php(44): require_once('D:\\PROJECT\\SistemManajemenEventDanBookingTiket\\backend\\public\\index.php')
CRITICAL - 2025-03-27 19:07:01 --> CodeIgniter\Database\Exceptions\DataException: Allowed fields must be specified for model: "App\Models\PaymentModel"
[Method: POST, Route: payments]
in SYSTEMPATH\Model.php on line 822.
 1 SYSTEMPATH\Model.php(822): CodeIgniter\Database\Exceptions\DataException::forInvalidAllowedFields()
 2 SYSTEMPATH\BaseModel.php(820): CodeIgniter\Model->doProtectFieldsForInsert()
 3 SYSTEMPATH\Model.php(800): CodeIgniter\BaseModel->insert()
 4 APPPATH\Controllers\PaymentController.php(54): CodeIgniter\Model->insert()
 5 SYSTEMPATH\CodeIgniter.php(933): App\Controllers\PaymentController->create()
 6 SYSTEMPATH\CodeIgniter.php(507): CodeIgniter\CodeIgniter->runController()
 7 SYSTEMPATH\CodeIgniter.php(354): CodeIgniter\CodeIgniter->handleRequest()
 8 SYSTEMPATH\Boot.php(334): CodeIgniter\CodeIgniter->run()
 9 SYSTEMPATH\Boot.php(67): CodeIgniter\Boot::runCodeIgniter()
10 FCPATH\index.php(56): CodeIgniter\Boot::bootWeb()
11 SYSTEMPATH\rewrite.php(44): require_once('D:\\PROJECT\\SistemManajemenEventDanBookingTiket\\backend\\public\\index.php')
CRITICAL - 2025-03-27 19:07:31 --> CodeIgniter\Database\Exceptions\DataException: Allowed fields must be specified for model: "App\Models\PaymentModel"
[Method: POST, Route: payments]
in SYSTEMPATH\Model.php on line 822.
 1 SYSTEMPATH\Model.php(822): CodeIgniter\Database\Exceptions\DataException::forInvalidAllowedFields()
 2 SYSTEMPATH\BaseModel.php(820): CodeIgniter\Model->doProtectFieldsForInsert()
 3 SYSTEMPATH\Model.php(800): CodeIgniter\BaseModel->insert()
 4 APPPATH\Controllers\PaymentController.php(54): CodeIgniter\Model->insert()
 5 SYSTEMPATH\CodeIgniter.php(933): App\Controllers\PaymentController->create()
 6 SYSTEMPATH\CodeIgniter.php(507): CodeIgniter\CodeIgniter->runController()
 7 SYSTEMPATH\CodeIgniter.php(354): CodeIgniter\CodeIgniter->handleRequest()
 8 SYSTEMPATH\Boot.php(334): CodeIgniter\CodeIgniter->run()
 9 SYSTEMPATH\Boot.php(67): CodeIgniter\Boot::runCodeIgniter()
10 FCPATH\index.php(56): CodeIgniter\Boot::bootWeb()
11 SYSTEMPATH\rewrite.php(44): require_once('D:\\PROJECT\\SistemManajemenEventDanBookingTiket\\backend\\public\\index.php')
